<?xml version="1.0" encoding="UTF-8"?>
<!-- Generated by org.testng.reporters.JUnitReportReporter -->
<testsuite hostname="DAMAN" failures="1" tests="4" name="com.naveenautomation.Test.RegisterAccountTest" time="75.092" errors="0" timestamp="2023-01-14T21:51:03 EST" skipped="3">
  <testcase classname="com.naveenautomation.Test.RegisterAccountTest" name="verifyUserIsAbleToRegisterIntoWebsite" time="13.134">
    <skipped/>
  </testcase> <!-- verifyUserIsAbleToRegisterIntoWebsite -->
  <system-out/>
  <testcase classname="com.naveenautomation.Test.RegisterAccountTest" name="verifyUserIsAbleToRegisterIntoWebsite" time="31.393">
    <skipped/>
  </testcase> <!-- verifyUserIsAbleToRegisterIntoWebsite -->
  <system-out/>
  <testcase classname="com.naveenautomation.Test.RegisterAccountTest" name="verifyUserIsAbleToRegisterIntoWebsite" time="9.205">
    <skipped/>
  </testcase> <!-- verifyUserIsAbleToRegisterIntoWebsite -->
  <system-out/>
  <testcase classname="com.naveenautomation.Test.RegisterAccountTest" name="verifyUserIsAbleToRegisterIntoWebsite" time="21.360">
    <failure message="Account not Created... expected [Your Account Has Been Created!] but found [Register Account]" type="java.lang.AssertionError">
      <![CDATA[java.lang.AssertionError: Account not Created... expected [Your Account Has Been Created!] but found [Register Account]
at org.testng.Assert.fail(Assert.java:99)
at org.testng.Assert.failNotEquals(Assert.java:1037)
at org.testng.Assert.assertEqualsImpl(Assert.java:140)
at org.testng.Assert.assertEquals(Assert.java:122)
at org.testng.Assert.assertEquals(Assert.java:629)
at com.naveenautomation.Test.RegisterAccountTest.verifyUserIsAbleToRegisterIntoWebsite(RegisterAccountTest.java:25)
at java.base/jdk.internal.reflect.NativeMethodAccessorImpl.invoke0(Native Method)
at java.base/jdk.internal.reflect.NativeMethodAccessorImpl.invoke(NativeMethodAccessorImpl.java:77)
at java.base/jdk.internal.reflect.DelegatingMethodAccessorImpl.invoke(DelegatingMethodAccessorImpl.java:43)
at java.base/java.lang.reflect.Method.invoke(Method.java:568)
at org.testng.internal.MethodInvocationHelper.invokeMethod(MethodInvocationHelper.java:132)
at org.testng.internal.TestInvoker.invokeMethod(TestInvoker.java:599)
at org.testng.internal.TestInvoker.retryFailed(TestInvoker.java:214)
at org.testng.internal.MethodRunner.runInSequence(MethodRunner.java:58)
at org.testng.internal.TestInvoker$MethodInvocationAgent.invoke(TestInvoker.java:822)
at org.testng.internal.TestInvoker.invokeTestMethods(TestInvoker.java:147)
at org.testng.internal.TestMethodWorker.invokeTestMethods(TestMethodWorker.java:146)
at org.testng.internal.TestMethodWorker.run(TestMethodWorker.java:128)
at java.base/java.util.concurrent.ThreadPoolExecutor.runWorker(ThreadPoolExecutor.java:1136)
at java.base/java.util.concurrent.ThreadPoolExecutor$Worker.run(ThreadPoolExecutor.java:635)
at java.base/java.lang.Thread.run(Thread.java:833)
]]>
    </failure>
  </testcase> <!-- verifyUserIsAbleToRegisterIntoWebsite -->
  <system-out/>
</testsuite> <!-- com.naveenautomation.Test.RegisterAccountTest -->
